  Main.cpp
C:\Users\JedrzejLocal\source\repos\AudioMaker\pa_synth_project\Main.cpp(31,39): warning C4244: "=": konwersja z "unsigned int" do "T", możliwa utrata danych
C:\Users\JedrzejLocal\source\repos\AudioMaker\pa_synth_project\Main.cpp(31,39): warning C4244:         with
C:\Users\JedrzejLocal\source\repos\AudioMaker\pa_synth_project\Main.cpp(31,39): warning C4244:         [
C:\Users\JedrzejLocal\source\repos\AudioMaker\pa_synth_project\Main.cpp(31,39): warning C4244:             T=float
C:\Users\JedrzejLocal\source\repos\AudioMaker\pa_synth_project\Main.cpp(31,39): warning C4244:         ]
C:\Users\JedrzejLocal\source\repos\AudioMaker\pa_synth_project\Main.cpp(32,39): warning C4244: "=": konwersja z "unsigned int" do "T", możliwa utrata danych
C:\Users\JedrzejLocal\source\repos\AudioMaker\pa_synth_project\Main.cpp(32,39): warning C4244:         with
C:\Users\JedrzejLocal\source\repos\AudioMaker\pa_synth_project\Main.cpp(32,39): warning C4244:         [
C:\Users\JedrzejLocal\source\repos\AudioMaker\pa_synth_project\Main.cpp(32,39): warning C4244:             T=float
C:\Users\JedrzejLocal\source\repos\AudioMaker\pa_synth_project\Main.cpp(32,39): warning C4244:         ]
  Button.cpp
C:\Users\JedrzejLocal\source\repos\AudioMaker\pa_synth_project\Button.cpp(56,216): warning C4244: "argument": konwersja z "double" do "float", możliwa utrata danych
  Header.cpp
  FileButton.cpp
C:\Users\JedrzejLocal\source\repos\AudioMaker\pa_synth_project\FileButton.cpp(32,216): warning C4244: "argument": konwersja z "double" do "float", możliwa utrata danych
  Trwa generowanie kodu
  Previous IPDB not found, fall back to full compilation.
  All 102 functions were compiled because no usable IPDB/IOBJ from previous compilation was found.
  Zakończono generowanie kodu
  PointAnimator.vcxproj -> C:\Users\JedrzejLocal\source\repos\AudioMaker\pa_synth_project\x64\Release\PointAnimator.exe
