  Main.cpp
C:\Users\JedrzejLocal\source\repos\Easy-Audio-Maker\Main.cpp(127,23): warning C4018: "<": niezgodność typu ze znakiem/bez znaku
C:\Users\JedrzejLocal\source\repos\Easy-Audio-Maker\Main.cpp(129,27): warning C4018: "<": niezgodność typu ze znakiem/bez znaku
C:\Users\JedrzejLocal\source\repos\Easy-Audio-Maker\Main.cpp(140,23): warning C4018: "<": niezgodność typu ze znakiem/bez znaku
C:\Users\JedrzejLocal\source\repos\Easy-Audio-Maker\Main.cpp(160,27): warning C4018: "<": niezgodność typu ze znakiem/bez znaku
C:\Users\JedrzejLocal\source\repos\Easy-Audio-Maker\Main.cpp(315,39): warning C4244: "=": konwersja z "unsigned int" do "T", możliwa utrata danych
C:\Users\JedrzejLocal\source\repos\Easy-Audio-Maker\Main.cpp(315,39): warning C4244:         with
C:\Users\JedrzejLocal\source\repos\Easy-Audio-Maker\Main.cpp(315,39): warning C4244:         [
C:\Users\JedrzejLocal\source\repos\Easy-Audio-Maker\Main.cpp(315,39): warning C4244:             T=float
C:\Users\JedrzejLocal\source\repos\Easy-Audio-Maker\Main.cpp(315,39): warning C4244:         ]
C:\Users\JedrzejLocal\source\repos\Easy-Audio-Maker\Main.cpp(316,39): warning C4244: "=": konwersja z "unsigned int" do "T", możliwa utrata danych
C:\Users\JedrzejLocal\source\repos\Easy-Audio-Maker\Main.cpp(316,39): warning C4244:         with
C:\Users\JedrzejLocal\source\repos\Easy-Audio-Maker\Main.cpp(316,39): warning C4244:         [
C:\Users\JedrzejLocal\source\repos\Easy-Audio-Maker\Main.cpp(316,39): warning C4244:             T=float
C:\Users\JedrzejLocal\source\repos\Easy-Audio-Maker\Main.cpp(316,39): warning C4244:         ]
  Options.cpp
C:\Users\JedrzejLocal\source\repos\Easy-Audio-Maker\Options.cpp(14,20): warning C4244: "=": konwersja z "double" do "int", możliwa utrata danych
C:\Users\JedrzejLocal\source\repos\Easy-Audio-Maker\Options.cpp(20,32): warning C4244: "argument": konwersja z "int" do "float", możliwa utrata danych
C:\Users\JedrzejLocal\source\repos\Easy-Audio-Maker\Options.cpp(21,32): warning C4244: "argument": konwersja z "int" do "float", możliwa utrata danych
C:\Users\JedrzejLocal\source\repos\Easy-Audio-Maker\Options.cpp(37,26): warning C4244: "=": konwersja z "float" do "int", możliwa utrata danych
C:\Users\JedrzejLocal\source\repos\Easy-Audio-Maker\Options.cpp(50,41): warning C4244: "argument": konwersja z "int" do "float", możliwa utrata danych
  Generowanie kodu...
  PointAnimator.vcxproj -> C:\Users\JedrzejLocal\source\repos\Easy-Audio-Maker\Debug\PointAnimator.exe
