  Checkbox.cpp
C:\Users\JedrzejLocal\source\repos\Easy-Audio-Maker\Checkbox.cpp(157,29): warning C4244: "=": konwersja z "unsigned int" do "T", możliwa utrata danych
C:\Users\JedrzejLocal\source\repos\Easy-Audio-Maker\Checkbox.cpp(157,29): warning C4244:         with
C:\Users\JedrzejLocal\source\repos\Easy-Audio-Maker\Checkbox.cpp(157,29): warning C4244:         [
C:\Users\JedrzejLocal\source\repos\Easy-Audio-Maker\Checkbox.cpp(157,29): warning C4244:             T=float
C:\Users\JedrzejLocal\source\repos\Easy-Audio-Maker\Checkbox.cpp(157,29): warning C4244:         ]
C:\Users\JedrzejLocal\source\repos\Easy-Audio-Maker\Checkbox.cpp(222,20): warning C4018: "<": niezgodność typu ze znakiem/bez znaku
C:\Users\JedrzejLocal\source\repos\Easy-Audio-Maker\Checkbox.cpp(229,24): warning C4018: "<": niezgodność typu ze znakiem/bez znaku
C:\Users\JedrzejLocal\source\repos\Easy-Audio-Maker\Checkbox.cpp(240,14): warning C4244: "argument": konwersja z "double" do "const unsigned int", możliwa utrata danych
  EditHeader.cpp
  Main.cpp
C:\Users\JedrzejLocal\source\repos\Easy-Audio-Maker\Main.cpp(127,23): warning C4018: "<": niezgodność typu ze znakiem/bez znaku
C:\Users\JedrzejLocal\source\repos\Easy-Audio-Maker\Main.cpp(129,27): warning C4018: "<": niezgodność typu ze znakiem/bez znaku
C:\Users\JedrzejLocal\source\repos\Easy-Audio-Maker\Main.cpp(140,23): warning C4018: "<": niezgodność typu ze znakiem/bez znaku
C:\Users\JedrzejLocal\source\repos\Easy-Audio-Maker\Main.cpp(160,27): warning C4018: "<": niezgodność typu ze znakiem/bez znaku
C:\Users\JedrzejLocal\source\repos\Easy-Audio-Maker\Main.cpp(320,39): warning C4244: "=": konwersja z "unsigned int" do "T", możliwa utrata danych
C:\Users\JedrzejLocal\source\repos\Easy-Audio-Maker\Main.cpp(320,39): warning C4244:         with
C:\Users\JedrzejLocal\source\repos\Easy-Audio-Maker\Main.cpp(320,39): warning C4244:         [
C:\Users\JedrzejLocal\source\repos\Easy-Audio-Maker\Main.cpp(320,39): warning C4244:             T=float
C:\Users\JedrzejLocal\source\repos\Easy-Audio-Maker\Main.cpp(320,39): warning C4244:         ]
C:\Users\JedrzejLocal\source\repos\Easy-Audio-Maker\Main.cpp(321,39): warning C4244: "=": konwersja z "unsigned int" do "T", możliwa utrata danych
C:\Users\JedrzejLocal\source\repos\Easy-Audio-Maker\Main.cpp(321,39): warning C4244:         with
C:\Users\JedrzejLocal\source\repos\Easy-Audio-Maker\Main.cpp(321,39): warning C4244:         [
C:\Users\JedrzejLocal\source\repos\Easy-Audio-Maker\Main.cpp(321,39): warning C4244:             T=float
C:\Users\JedrzejLocal\source\repos\Easy-Audio-Maker\Main.cpp(321,39): warning C4244:         ]
  Node.cpp
  PlayTrack.cpp
C:\Users\JedrzejLocal\source\repos\Easy-Audio-Maker\PlayTrack.cpp(33,34): warning C4244: "argument": konwersja z "int" do "float", możliwa utrata danych
C:\Users\JedrzejLocal\source\repos\Easy-Audio-Maker\PlayTrack.cpp(33,29): warning C4244: "argument": konwersja z "int" do "float", możliwa utrata danych
C:\Users\JedrzejLocal\source\repos\Easy-Audio-Maker\PlayTrack.cpp(40,20): warning C4018: "<": niezgodność typu ze znakiem/bez znaku
C:\Users\JedrzejLocal\source\repos\Easy-Audio-Maker\PlayTrack.cpp(75,21): warning C4018: "<": niezgodność typu ze znakiem/bez znaku
C:\Users\JedrzejLocal\source\repos\Easy-Audio-Maker\PlayTrack.cpp(89,20): warning C4018: "<": niezgodność typu ze znakiem/bez znaku
C:\Users\JedrzejLocal\source\repos\Easy-Audio-Maker\PlayTrack.cpp(132,20): warning C4018: "<": niezgodność typu ze znakiem/bez znaku
C:\Users\JedrzejLocal\source\repos\Easy-Audio-Maker\PlayTrack.cpp(151,58): warning C4244: "argument": konwersja z "T" do "int", możliwa utrata danych
C:\Users\JedrzejLocal\source\repos\Easy-Audio-Maker\PlayTrack.cpp(151,58): warning C4244:         with
C:\Users\JedrzejLocal\source\repos\Easy-Audio-Maker\PlayTrack.cpp(151,58): warning C4244:         [
C:\Users\JedrzejLocal\source\repos\Easy-Audio-Maker\PlayTrack.cpp(151,58): warning C4244:             T=float
C:\Users\JedrzejLocal\source\repos\Easy-Audio-Maker\PlayTrack.cpp(151,58): warning C4244:         ]
C:\Users\JedrzejLocal\source\repos\Easy-Audio-Maker\PlayTrack.cpp(151,44): warning C4244: "argument": konwersja z "T" do "int", możliwa utrata danych
C:\Users\JedrzejLocal\source\repos\Easy-Audio-Maker\PlayTrack.cpp(151,44): warning C4244:         with
C:\Users\JedrzejLocal\source\repos\Easy-Audio-Maker\PlayTrack.cpp(151,44): warning C4244:         [
C:\Users\JedrzejLocal\source\repos\Easy-Audio-Maker\PlayTrack.cpp(151,44): warning C4244:             T=float
C:\Users\JedrzejLocal\source\repos\Easy-Audio-Maker\PlayTrack.cpp(151,44): warning C4244:         ]
C:\Users\JedrzejLocal\source\repos\Easy-Audio-Maker\PlayTrack.cpp(154,25): warning C4018: "<": niezgodność typu ze znakiem/bez znaku
C:\Users\JedrzejLocal\source\repos\Easy-Audio-Maker\PlayTrack.cpp(180,20): warning C4018: "<": niezgodność typu ze znakiem/bez znaku
  SoundBrushOpts.cpp
C:\Users\JedrzejLocal\source\repos\Easy-Audio-Maker\SoundBrushOpts.cpp(23,17): warning C4244: "argument": konwersja z "int" do "float", możliwa utrata danych
  Synth.cpp
C:\Users\JedrzejLocal\source\repos\Easy-Audio-Maker\Synth.cpp(104,33): warning C4244: "argument": konwersja z "T" do "int", możliwa utrata danych
C:\Users\JedrzejLocal\source\repos\Easy-Audio-Maker\Synth.cpp(104,33): warning C4244:         with
C:\Users\JedrzejLocal\source\repos\Easy-Audio-Maker\Synth.cpp(104,33): warning C4244:         [
C:\Users\JedrzejLocal\source\repos\Easy-Audio-Maker\Synth.cpp(104,33): warning C4244:             T=float
C:\Users\JedrzejLocal\source\repos\Easy-Audio-Maker\Synth.cpp(104,33): warning C4244:         ]
  Trwa generowanie kodu
  8 of 786 functions ( 1.0%) were compiled, the rest were copied from previous compilation.
    0 functions were new in current compilation
    0 functions had inline decision re-evaluated but remain unchanged
  Zakończono generowanie kodu
  PointAnimator.vcxproj -> C:\Users\JedrzejLocal\source\repos\Easy-Audio-Maker\Release\PointAnimator.exe
